<?xml version="1.0" encoding="UTF-8"?>
<testng-results ignored="0" total="1" passed="1" failed="0" skipped="0">
  <reporter-output>
  </reporter-output>
  <suite started-at="2022-09-27T19:35:49 IST" name="Suite" finished-at="2022-09-27T19:36:08 IST" duration-ms="18398">
    <groups>
    </groups>
    <test started-at="2022-09-27T19:35:49 IST" name="Test" finished-at="2022-09-27T19:36:08 IST" duration-ms="18398">
      <class name="testNgDemos.democlass">
        <test-method signature="login_Test()[pri:0, instance:testNgDemos.democlass@316bcf94]" started-at="2022-09-27T19:35:49 IST" name="login_Test" finished-at="2022-09-27T19:36:08 IST" duration-ms="18339" status="PASS">
          <reporter-output>
          </reporter-output>
        </test-method> <!-- login_Test -->
      </class> <!-- testNgDemos.democlass -->
    </test> <!-- Test -->
  </suite> <!-- Suite -->
</testng-results>
